<?xml version="1.0" encoding="UTF-8"?>
<!-- Generated by org.testng.reporters.JUnitReportReporter -->
<testsuite hostname="DESKTOP-2ED7NG6" failures="0" tests="1" name="com.expoplatdemo.tests.TC0010VerifyForDeleteTaskForAllListingTest" time="2.822" errors="0" timestamp="29 Apr 2022 11:41:22 GMT" skipped="0">
  <testcase classname="com.expoplatdemo.tests.TC0010VerifyForDeleteTaskForAllListingTest" name="tc0010VerifyForDeleteTaskForAllListingTest" time="2.822"/>
</testsuite> <!-- com.expoplatdemo.tests.TC0010VerifyForDeleteTaskForAllListingTest -->
