<?xml version="1.0" encoding="UTF-8"?>
<!-- Generated by org.testng.reporters.JUnitReportReporter -->
<testsuite hostname="DESKTOP-2ED7NG6" failures="0" tests="1" name="com.expoplatdemo.tests.DemoTest" time="0.012" errors="0" timestamp="29 Apr 2022 10:24:43 GMT" skipped="0">
  <testcase classname="com.expoplatdemo.tests.DemoTest" name="test" time="0.012"/>
</testsuite> <!-- com.expoplatdemo.tests.DemoTest -->
